# JRE version: OpenJDK Runtime Environment (19.0.1+10) (build 19.0.1+10-21)
# Java VM: OpenJDK 64-Bit Server VM (19.0.1+10-21, mixed mode, sharing, tiered, compressed oops, compressed class ptrs, g1 gc, windows-amd64)
GC Precious Log:
 CardTable entry size: 512
 Card Set container configuration: InlinePtr #cards 5 size 8 Array Of Cards #cards 12 size 40 Howl #buckets 4 coarsen threshold 1843 Howl Bitmap #cards 512 size 80 coarsen threshold 460 Card regions per heap region 1 cards per card region 2048
 CPUs: 8 total, 8 available
 Memory: 7926M
 Large Page Support: Disabled
 NUMA Support: Disabled
 Compressed Oops: Enabled (32-bit)
 Heap Region Size: 1M
 Heap Min Capacity: 8M
 Heap Initial Capacity: 124M
 Heap Max Capacity: 1982M
 Pre-touch: Disabled
 Parallel Workers: 8
 Concurrent Workers: 2
 Concurrent Refinement Workers: 8
 Periodic GC: Disabled
Heap:
 garbage-first heap   total 96256K, used 67837K [0x0000000084200000, 0x0000000100000000)
  region size 1024K, 40 young (40960K), 4 survivors (4096K)
 Metaspace       used 83437K, committed 84160K, reserved 1179648K
  class space    used 11251K, committed 11584K, reserved 1048576K
GC Heap History (20 events):
Event: 9.170 GC heap before
{Heap before GC invocations=6 (full 0):
 garbage-first heap   total 51200K, used 35883K [0x0000000084200000, 0x0000000100000000)
  region size 1024K, 21 young (21504K), 1 survivors (1024K)
 Metaspace       used 29248K, committed 29824K, reserved 1114112K
  class space    used 3728K, committed 4032K, reserved 1048576K
}
Event: 9.179 GC heap after
{Heap after GC invocations=7 (full 0):
 garbage-first heap   total 51200K, used 17267K [0x0000000084200000, 0x0000000100000000)
  region size 1024K, 3 young (3072K), 3 survivors (3072K)
 Metaspace       used 29248K, committed 29824K, reserved 1114112K
  class space    used 3728K, committed 4032K, reserved 1048576K
}
Event: 10.277 GC heap before
{Heap before GC invocations=7 (full 0):
 garbage-first heap   total 51200K, used 35699K [0x0000000084200000, 0x0000000100000000)
  region size 1024K, 22 young (22528K), 3 survivors (3072K)
 Metaspace       used 34088K, committed 34688K, reserved 1114112K
  class space    used 4271K, committed 4544K, reserved 1048576K
}
Event: 10.282 GC heap after
{Heap after GC invocations=8 (full 0):
 garbage-first heap   total 51200K, used 18991K [0x0000000084200000, 0x0000000100000000)
  region size 1024K, 2 young (2048K), 2 survivors (2048K)
 Metaspace       used 34088K, committed 34688K, reserved 1114112K
  class space    used 4271K, committed 4544K, reserved 1048576K
}
Event: 10.505 GC heap before
{Heap before GC invocations=8 (full 0):
 garbage-first heap   total 51200K, used 23087K [0x0000000084200000, 0x0000000100000000)
  region size 1024K, 7 young (7168K), 2 survivors (2048K)
 Metaspace       used 35581K, committed 36096K, reserved 1114112K
  class space    used 4470K, committed 4736K, reserved 1048576K
}
Event: 10.508 GC heap after
{Heap after GC invocations=9 (full 0):
 garbage-first heap   total 51200K, used 19472K [0x0000000084200000, 0x0000000100000000)
  region size 1024K, 1 young (1024K), 1 survivors (1024K)
 Metaspace       used 35581K, committed 36096K, reserved 1114112K
  class space    used 4470K, committed 4736K, reserved 1048576K
}
Event: 11.352 GC heap before
{Heap before GC invocations=10 (full 0):
 garbage-first heap   total 51200K, used 38928K [0x0000000084200000, 0x0000000100000000)
  region size 1024K, 20 young (20480K), 1 survivors (1024K)
 Metaspace       used 40074K, committed 40704K, reserved 1114112K
  class space    used 5357K, committed 5632K, reserved 1048576K
}
Event: 11.356 GC heap after
{Heap after GC invocations=11 (full 0):
 garbage-first heap   total 51200K, used 20808K [0x0000000084200000, 0x0000000100000000)
  region size 1024K, 2 young (2048K), 2 survivors (2048K)
 Metaspace       used 40074K, committed 40704K, reserved 1114112K
  class space    used 5357K, committed 5632K, reserved 1048576K
}
Event: 11.400 GC heap before
{Heap before GC invocations=11 (full 0):
 garbage-first heap   total 51200K, used 21832K [0x0000000084200000, 0x0000000100000000)
  region size 1024K, 3 young (3072K), 2 survivors (2048K)
 Metaspace       used 40305K, committed 40960K, reserved 1114112K
  class space    used 5407K, committed 5696K, reserved 1048576K
}
Event: 11.404 GC heap after
{Heap after GC invocations=12 (full 0):
 garbage-first heap   total 51200K, used 20931K [0x0000000084200000, 0x0000000100000000)
  region size 1024K, 1 young (1024K), 1 survivors (1024K)
 Metaspace       used 40305K, committed 40960K, reserved 1114112K
  class space    used 5407K, committed 5696K, reserved 1048576K
}
Event: 12.695 GC heap before
{Heap before GC invocations=12 (full 0):
 garbage-first heap   total 51200K, used 37315K [0x0000000084200000, 0x0000000100000000)
  region size 1024K, 18 young (18432K), 1 survivors (1024K)
 Metaspace       used 49092K, committed 49728K, reserved 1114112K
  class space    used 6423K, committed 6720K, reserved 1048576K
}
Event: 12.699 GC heap after
{Heap after GC invocations=13 (full 0):
 garbage-first heap   total 102400K, used 22757K [0x0000000084200000, 0x0000000100000000)
  region size 1024K, 3 young (3072K), 3 survivors (3072K)
 Metaspace       used 49092K, committed 49728K, reserved 1114112K
  class space    used 6423K, committed 6720K, reserved 1048576K
}
Event: 14.265 GC heap before
{Heap before GC invocations=13 (full 0):
 garbage-first heap   total 102400K, used 60645K [0x0000000084200000, 0x0000000100000000)
  region size 1024K, 41 young (41984K), 3 survivors (3072K)
 Metaspace       used 60078K, committed 60608K, reserved 1114112K
  class space    used 7856K, committed 8128K, reserved 1048576K
}
Event: 14.271 GC heap after
{Heap after GC invocations=14 (full 0):
 garbage-first heap   total 102400K, used 24793K [0x0000000084200000, 0x0000000100000000)
  region size 1024K, 5 young (5120K), 5 survivors (5120K)
 Metaspace       used 60078K, committed 60608K, reserved 1114112K
  class space    used 7856K, committed 8128K, reserved 1048576K
}
Event: 16.347 GC heap before
{Heap before GC invocations=15 (full 0):
 garbage-first heap   total 96256K, used 75993K [0x0000000084200000, 0x0000000100000000)
  region size 1024K, 55 young (56320K), 5 survivors (5120K)
 Metaspace       used 70467K, committed 71104K, reserved 1114112K
  class space    used 9391K, committed 9664K, reserved 1048576K
}
Event: 16.357 GC heap after
{Heap after GC invocations=16 (full 0):
 garbage-first heap   total 96256K, used 28777K [0x0000000084200000, 0x0000000100000000)
  region size 1024K, 6 young (6144K), 6 survivors (6144K)
 Metaspace       used 70467K, committed 71104K, reserved 1114112K
  class space    used 9391K, committed 9664K, reserved 1048576K
}
Event: 16.386 GC heap before
{Heap before GC invocations=16 (full 0):
 garbage-first heap   total 96256K, used 29801K [0x0000000084200000, 0x0000000100000000)
  region size 1024K, 7 young (7168K), 6 survivors (6144K)
 Metaspace       used 70659K, committed 71296K, reserved 1114112K
  class space    used 9417K, committed 9728K, reserved 1048576K
}
Event: 16.392 GC heap after
{Heap after GC invocations=17 (full 0):
 garbage-first heap   total 96256K, used 29238K [0x0000000084200000, 0x0000000100000000)
  region size 1024K, 1 young (1024K), 1 survivors (1024K)
 Metaspace       used 70659K, committed 71296K, reserved 1114112K
  class space    used 9417K, committed 9728K, reserved 1048576K
}
Event: 118.902 GC heap before
{Heap before GC invocations=17 (full 0):
 garbage-first heap   total 96256K, used 73270K [0x0000000084200000, 0x0000000100000000)
  region size 1024K, 45 young (46080K), 1 survivors (1024K)
 Metaspace       used 81561K, committed 82240K, reserved 1179648K
  class space    used 11092K, committed 11392K, reserved 1048576K
}
Event: 118.934 GC heap after
{Heap after GC invocations=18 (full 0):
 garbage-first heap   total 96256K, used 31997K [0x0000000084200000, 0x0000000100000000)
  region size 1024K, 4 young (4096K), 4 survivors (4096K)
 Metaspace       used 81561K, committed 82240K, reserved 1179648K
  class space    used 11092K, committed 11392K, reserved 1048576K
}

